<?xml version="1.0" encoding="UTF-8" ?>
<testsuite failures="0" time="0.115" errors="0" skipped="0" tests="26" name="edu.berkeley.path.beats.test.simulator.BeatsMathTest">
  <properties>
[...]
</properties>
  <testcase time="0.003" classname="edu.berkeley.path.beats.test.simulator.BeatsMathTest" name="test_zeros_1D"/>
  <testcase time="0.003" classname="edu.berkeley.path.beats.test.simulator.BeatsMathTest" name="test_zeros_2D"/>
  <testcase time="0.004" classname="edu.berkeley.path.beats.test.simulator.BeatsMathTest" name="test_ceil"/>
  <testcase time="0.003" classname="edu.berkeley.path.beats.test.simulator.BeatsMathTest" name="test_floor"/>
  <testcase time="0.003" classname="edu.berkeley.path.beats.test.simulator.BeatsMathTest" name="test_round"/>
  <testcase time="0.003" classname="edu.berkeley.path.beats.test.simulator.BeatsMathTest" name="test_any"/>
  <testcase time="0.003" classname="edu.berkeley.path.beats.test.simulator.BeatsMathTest" name="test_all"/>
  <testcase time="0.002" classname="edu.berkeley.path.beats.test.simulator.BeatsMathTest" name="test_not"/>
  <testcase time="0.002" classname="edu.berkeley.path.beats.test.simulator.BeatsMathTest" name="test_count"/>
  <testcase time="0.003" classname="edu.berkeley.path.beats.test.simulator.BeatsMathTest" name="test_find"/>
  <testcase time="0.003" classname="edu.berkeley.path.beats.test.simulator.BeatsMathTest" name="test_equals"/>
  <testcase time="0.002" classname="edu.berkeley.path.beats.test.simulator.BeatsMathTest" name="test_equals1D"/>
  <testcase time="0.004" classname="edu.berkeley.path.beats.test.simulator.BeatsMathTest" name="test_equals2D"/>
  <testcase time="0.003" classname="edu.berkeley.path.beats.test.simulator.BeatsMathTest" name="test_equals3D"/>
  <testcase time="0.003" classname="edu.berkeley.path.beats.test.simulator.BeatsMathTest" name="test_lessthan"/>
  <testcase time="0.003" classname="edu.berkeley.path.beats.test.simulator.BeatsMathTest" name="test_gcd"/>
  <testcase time="0.002" classname="edu.berkeley.path.beats.test.simulator.BeatsMathTest" name="test_sum_1D_array"/>
  <testcase time="0.003" classname="edu.berkeley.path.beats.test.simulator.BeatsMathTest" name="test_sum_1D_collection"/>
  <testcase time="0.002" classname="edu.berkeley.path.beats.test.simulator.BeatsMathTest" name="test_sum_2D_array"/>
  <testcase time="0.003" classname="edu.berkeley.path.beats.test.simulator.BeatsMathTest" name="test_times_scalararray"/>
  <testcase time="0.002" classname="edu.berkeley.path.beats.test.simulator.BeatsMathTest" name="test_isintegermultipleof"/>
  <testcase time="0.003" classname="edu.berkeley.path.beats.test.simulator.BeatsMathTest" name="test_greaterthan"/>
  <testcase time="0.002" classname="edu.berkeley.path.beats.test.simulator.BeatsMathTest" name="test_greaterorequalthan"/>
  <testcase time="0.002" classname="edu.berkeley.path.beats.test.simulator.BeatsMathTest" name="test_lessorequalthan"/>
  <testcase time="0.047" classname="edu.berkeley.path.beats.test.simulator.BeatsMathTest" name="test_dirichlet"/>
  <testcase time="0.002" classname="edu.berkeley.path.beats.test.simulator.BeatsMathTest" name="test_betaparams"/>
</testsuite>